<?xml version="1.0" encoding="UTF-8"?>
<Site BuildName="(empty)"
	BuildStamp="20240724-1011-Experimental"
	Name="(empty)"
	Generator="ctest-3.16.3"
	CompilerName=""
	CompilerVersion=""
	OSName="Linux"
	Hostname="codespaces-88e193"
	OSRelease="6.5.0-1022-azure"
	OSVersion="#23~22.04.1-Ubuntu SMP Thu May  9 17:59:24 UTC 2024"
	OSPlatform="x86_64"
	Is64Bits="1"
	VendorString="AuthenticAMD"
	VendorID="Advanced Micro Devices"
	FamilyID="25"
	ModelID="1"
	ProcessorCacheSize="512"
	NumberOfLogicalCPU="2"
	NumberOfPhysicalCPU="1"
	TotalVirtualMemory="0"
	TotalPhysicalMemory="7929"
	LogicalProcessorsPerPhysical="2"
	ProcessorClockFrequency="3235"
	>
	<Testing>
		<StartDateTime>Jul 24 10:11 UTC</StartDateTime>
		<StartTestTime>1721815860</StartTestTime>
		<TestList/>
		<EndDateTime>Jul 24 10:11 UTC</EndDateTime>
		<EndTestTime>1721815860</EndTestTime>
		<ElapsedMinutes>0</ElapsedMinutes>
	</Testing>
</Site>
